[debug] [2022-05-24T23:55:46.337Z] ----------------------------------------------------------------------
[debug] [2022-05-24T23:55:46.338Z] Command:       C:\Program Files\nodejs\node.exe C:\Users\markt\AppData\Roaming\npm\node_modules\firebase-tools\lib\bin\firebase.js emulators:start
[debug] [2022-05-24T23:55:46.338Z] CLI Version:   11.0.0
[debug] [2022-05-24T23:55:46.338Z] Platform:      win32
[debug] [2022-05-24T23:55:46.338Z] Node Version:  v17.6.0
[debug] [2022-05-24T23:55:46.339Z] Time:          Wed May 25 2022 01:55:46 GMT+0200 (Midden-Europese zomertijd)
[debug] [2022-05-24T23:55:46.339Z] ----------------------------------------------------------------------
[debug] 
[debug] [2022-05-24T23:55:46.396Z] > command requires scopes: ["email","openid","https://www.googleapis.com/auth/cloudplatformprojects.readonly","https://www.googleapis.com/auth/firebase","https://www.googleapis.com/auth/cloud-platform"]
[debug] [2022-05-24T23:55:46.396Z] > authorizing via signed-in user (markteek@gmail.com)
[info] i  emulators: Starting emulators: functions {"metadata":{"emulator":{"name":"hub"},"message":"Starting emulators: functions"}}
[debug] [2022-05-24T23:55:46.507Z] [hub] writing locator at C:\Users\markt\AppData\Local\Temp\hub-challange-1b03e.json
[warn] !  functions: The following emulators are not running, calls to these services from the Functions emulator will affect production: auth, firestore, database, hosting, pubsub, storage {"metadata":{"emulator":{"name":"functions"},"message":"The following emulators are not running, calls to these services from the Functions emulator will affect production: \u001b[1mauth, firestore, database, hosting, pubsub, storage\u001b[22m"}}
[warn] !  Your requested "node" version "16" doesn't match your global version "17". Using node@17 from host. {"metadata":{"emulator":{"name":"functions"},"message":"Your requested \"node\" version \"16\" doesn't match your global version \"17\". Using node@17 from host."}}
[debug] [2022-05-24T23:55:46.551Z] defaultcredentials: writing to file C:\Users\markt\AppData\Roaming\firebase\markteek_gmail_com_application_default_credentials.json
[debug] [2022-05-24T23:55:46.554Z] Setting GAC to C:\Users\markt\AppData\Roaming\firebase\markteek_gmail_com_application_default_credentials.json {"metadata":{"emulator":{"name":"functions"},"message":"Setting GAC to C:\\Users\\markt\\AppData\\Roaming\\firebase\\markteek_gmail_com_application_default_credentials.json"}}
[debug] [2022-05-24T23:55:46.556Z] >>> [apiv2][query] GET https://firebase.googleapis.com/v1beta1/projects/challange-1b03e/adminSdkConfig [none]
[debug] [2022-05-24T23:55:46.832Z] <<< [apiv2][status] GET https://firebase.googleapis.com/v1beta1/projects/challange-1b03e/adminSdkConfig 200
[debug] [2022-05-24T23:55:46.832Z] <<< [apiv2][body] GET https://firebase.googleapis.com/v1beta1/projects/challange-1b03e/adminSdkConfig {"projectId":"challange-1b03e","databaseURL":"https://challange-1b03e-default-rtdb.europe-west1.firebasedatabase.app","storageBucket":"challange-1b03e.appspot.com"}
[info] i  ui: downloading ui-v1.7.0.zip... {"metadata":{"emulator":{"name":"ui"},"message":"downloading ui-v1.7.0.zip..."}}
[debug] [2022-05-24T23:55:46.890Z] >>> [apiv2][query] GET https://storage.googleapis.com/firebase-preview-drop/emulator/ui-v1.7.0.zip 
[debug] [2022-05-24T23:55:46.952Z] <<< [apiv2][status] GET https://storage.googleapis.com/firebase-preview-drop/emulator/ui-v1.7.0.zip 200
[debug] [2022-05-24T23:55:46.953Z] <<< [apiv2][body] GET https://storage.googleapis.com/firebase-preview-drop/emulator/ui-v1.7.0.zip [stream]
[debug] [2022-05-24T23:55:47.698Z] Ignoring unsupported arg: auto_download {"metadata":{"emulator":{"name":"ui"},"message":"Ignoring unsupported arg: auto_download"}}
[debug] [2022-05-24T23:55:47.698Z] Ignoring unsupported arg: port {"metadata":{"emulator":{"name":"ui"},"message":"Ignoring unsupported arg: port"}}
[debug] [2022-05-24T23:55:47.699Z] Starting Emulator UI with command {"binary":"node","args":["--dns-result-order=ipv4first","C:\\Users\\markt\\.cache\\firebase\\emulators\\ui-v1.7.0\\server.bundle.js"],"optionalArgs":[],"joinArgs":false} {"metadata":{"emulator":{"name":"ui"},"message":"Starting Emulator UI with command {\"binary\":\"node\",\"args\":[\"--dns-result-order=ipv4first\",\"C:\\\\Users\\\\markt\\\\.cache\\\\firebase\\\\emulators\\\\ui-v1.7.0\\\\server.bundle.js\"],\"optionalArgs\":[],\"joinArgs\":false}"}}
[info] i  ui: Emulator UI logging to ui-debug.log {"metadata":{"emulator":{"name":"ui"},"message":"Emulator UI logging to \u001b[1mui-debug.log\u001b[22m"}}
[debug] [2022-05-24T23:55:48.458Z] Web / API server started at localhost:4000
 {"metadata":{"emulator":{"name":"ui"},"message":"Web / API server started at localhost:4000\n"}}
[info] i  functions: Watching "C:\Users\markt\ReactJS\mb-shop\functions" for Cloud Functions... {"metadata":{"emulator":{"name":"functions"},"message":"Watching \"C:\\Users\\markt\\ReactJS\\mb-shop\\functions\" for Cloud Functions..."}}
[debug] [2022-05-24T23:55:48.719Z] Validating nodejs source
[debug] [2022-05-24T23:55:53.571Z] > [functions] package.json contents: {
  "name": "functions",
  "description": "Cloud Functions for Firebase",
  "scripts": {
    "lint": "eslint .",
    "serve": "firebase emulators:start --only functions",
    "shell": "firebase functions:shell",
    "start": "npm run shell",
    "deploy": "firebase deploy --only functions",
    "logs": "firebase functions:log"
  },
  "engines": {
    "node": "16"
  },
  "main": "index.js",
  "dependencies": {
    "cors": "^2.8.5",
    "express": "^4.18.1",
    "firebase-admin": "^10.0.2",
    "firebase-functions": "^3.18.0",
    "stripe": "^9.4.0"
  },
  "devDependencies": {
    "eslint": "^8.9.0",
    "eslint-config-google": "^0.14.0",
    "firebase-functions-test": "^0.2.0"
  },
  "private": true
}
[debug] [2022-05-24T23:55:53.571Z] Building nodejs source
[debug] [2022-05-24T23:55:53.571Z] Analyzing nodejs backend spec
[debug] [2022-05-24T23:55:53.573Z] Could not find functions.yaml. Must use http discovery
[debug] [2022-05-24T23:55:54.745Z] Serving at port 9005

[debug] [2022-05-24T23:55:54.985Z] Got response from /__/functions.yaml {"endpoints":{},"specVersion":"v1alpha1","requiredAPIs":[]}
[debug] [2022-05-24T23:55:55.004Z] shutdown requested via /__/quitquitquit

[info] 
┌─────────────────────────────────────────────────────────────┐
│ ✔  All emulators ready! It is now safe to connect your app. │
│ i  View Emulator UI at http://localhost:4000                │
└─────────────────────────────────────────────────────────────┘

┌───────────┬────────────────┬─────────────────────────────────┐
│ Emulator  │ Host:Port      │ View in Emulator UI             │
├───────────┼────────────────┼─────────────────────────────────┤
│ Functions │ localhost:5001 │ http://localhost:4000/functions │
└───────────┴────────────────┴─────────────────────────────────┘
  Emulator Hub running at localhost:4400
  Other reserved ports: 4500

Issues? Report them at https://github.com/firebase/firebase-tools/issues and attach the *-debug.log files.
 
[debug] [2022-05-24T23:58:30.600Z] File C:\Users\markt\ReactJS\mb-shop\functions\index.js changed, reloading triggers {"metadata":{"emulator":{"name":"functions"},"message":"File C:\\Users\\markt\\ReactJS\\mb-shop\\functions\\index.js changed, reloading triggers"}}
[debug] [2022-05-24T23:58:31.609Z] Validating nodejs source
[debug] [2022-05-24T23:58:37.115Z] > [functions] package.json contents: {
  "name": "functions",
  "description": "Cloud Functions for Firebase",
  "scripts": {
    "lint": "eslint .",
    "serve": "firebase emulators:start --only functions",
    "shell": "firebase functions:shell",
    "start": "npm run shell",
    "deploy": "firebase deploy --only functions",
    "logs": "firebase functions:log"
  },
  "engines": {
    "node": "16"
  },
  "main": "index.js",
  "dependencies": {
    "cors": "^2.8.5",
    "express": "^4.18.1",
    "firebase-admin": "^10.0.2",
    "firebase-functions": "^3.18.0",
    "stripe": "^9.4.0"
  },
  "devDependencies": {
    "eslint": "^8.9.0",
    "eslint-config-google": "^0.14.0",
    "firebase-functions-test": "^0.2.0"
  },
  "private": true
}
[debug] [2022-05-24T23:58:37.115Z] Building nodejs source
[debug] [2022-05-24T23:58:37.115Z] Analyzing nodejs backend spec
[debug] [2022-05-24T23:58:37.116Z] Could not find functions.yaml. Must use http discovery
[debug] [2022-05-24T23:58:37.918Z] Serving at port 9005

[debug] [2022-05-24T23:58:38.068Z] Got response from /__/functions.yaml {"endpoints":{"api":{"platform":"gcfv1","httpsTrigger":{},"entryPoint":"api"}},"specVersion":"v1alpha1","requiredAPIs":[]}
[debug] [2022-05-24T23:58:38.074Z] shutdown requested via /__/quitquitquit

[info] +  functions[us-central1-api]: http function initialized (http://localhost:5001/challange-1b03e/us-central1/api). {"metadata":{"emulator":{"name":"functions"},"message":"\u001b[1mhttp\u001b[22m function initialized (http://localhost:5001/challange-1b03e/us-central1/api)."}}
