[debug] [2022-05-24T23:58:55.422Z] ----------------------------------------------------------------------
[debug] [2022-05-24T23:58:55.424Z] Command:       C:\Program Files\nodejs\node.exe C:\Users\markt\AppData\Roaming\npm\node_modules\firebase-tools\lib\bin\firebase.js emulators:start
[debug] [2022-05-24T23:58:55.424Z] CLI Version:   11.0.0
[debug] [2022-05-24T23:58:55.424Z] Platform:      win32
[debug] [2022-05-24T23:58:55.424Z] Node Version:  v17.6.0
[debug] [2022-05-24T23:58:55.425Z] Time:          Wed May 25 2022 01:58:55 GMT+0200 (Midden-Europese zomertijd)
[debug] [2022-05-24T23:58:55.426Z] ----------------------------------------------------------------------
[debug] 
[debug] [2022-05-24T23:58:55.475Z] > command requires scopes: ["email","openid","https://www.googleapis.com/auth/cloudplatformprojects.readonly","https://www.googleapis.com/auth/firebase","https://www.googleapis.com/auth/cloud-platform"]
[debug] [2022-05-24T23:58:55.475Z] > authorizing via signed-in user (markteek@gmail.com)
[info] i  emulators: Starting emulators: functions {"metadata":{"emulator":{"name":"hub"},"message":"Starting emulators: functions"}}
[warn] !  emulators: It seems that you are running multiple instances of the emulator suite for project challange-1b03e. This may result in unexpected behavior. 
[debug] [2022-05-24T23:58:55.581Z] [hub] writing locator at C:\Users\markt\AppData\Local\Temp\hub-challange-1b03e.json
[warn] !  functions: The following emulators are not running, calls to these services from the Functions emulator will affect production: auth, firestore, database, hosting, pubsub, storage {"metadata":{"emulator":{"name":"functions"},"message":"The following emulators are not running, calls to these services from the Functions emulator will affect production: \u001b[1mauth, firestore, database, hosting, pubsub, storage\u001b[22m"}}
[warn] !  Your requested "node" version "16" doesn't match your global version "17". Using node@17 from host. {"metadata":{"emulator":{"name":"functions"},"message":"Your requested \"node\" version \"16\" doesn't match your global version \"17\". Using node@17 from host."}}
[debug] [2022-05-24T23:58:55.634Z] defaultcredentials: writing to file C:\Users\markt\AppData\Roaming\firebase\markteek_gmail_com_application_default_credentials.json
[debug] [2022-05-24T23:58:55.647Z] Setting GAC to C:\Users\markt\AppData\Roaming\firebase\markteek_gmail_com_application_default_credentials.json {"metadata":{"emulator":{"name":"functions"},"message":"Setting GAC to C:\\Users\\markt\\AppData\\Roaming\\firebase\\markteek_gmail_com_application_default_credentials.json"}}
[debug] [2022-05-24T23:58:55.651Z] >>> [apiv2][query] GET https://firebase.googleapis.com/v1beta1/projects/challange-1b03e/adminSdkConfig [none]
[debug] [2022-05-24T23:58:55.940Z] <<< [apiv2][status] GET https://firebase.googleapis.com/v1beta1/projects/challange-1b03e/adminSdkConfig 200
[debug] [2022-05-24T23:58:55.940Z] <<< [apiv2][body] GET https://firebase.googleapis.com/v1beta1/projects/challange-1b03e/adminSdkConfig {"projectId":"challange-1b03e","databaseURL":"https://challange-1b03e-default-rtdb.europe-west1.firebasedatabase.app","storageBucket":"challange-1b03e.appspot.com"}
[warn] !  ui: Emulator UI unable to start on port 4000, starting on 4001 instead. {"metadata":{"emulator":{"name":"ui"},"message":"Emulator UI unable to start on port 4000, starting on 4001 instead."}}
[debug] [2022-05-24T23:58:56.008Z] Ignoring unsupported arg: auto_download {"metadata":{"emulator":{"name":"ui"},"message":"Ignoring unsupported arg: auto_download"}}
[debug] [2022-05-24T23:58:56.008Z] Ignoring unsupported arg: port {"metadata":{"emulator":{"name":"ui"},"message":"Ignoring unsupported arg: port"}}
[debug] [2022-05-24T23:58:56.008Z] Starting Emulator UI with command {"binary":"node","args":["--dns-result-order=ipv4first","C:\\Users\\markt\\.cache\\firebase\\emulators\\ui-v1.7.0\\server.bundle.js"],"optionalArgs":[],"joinArgs":false} {"metadata":{"emulator":{"name":"ui"},"message":"Starting Emulator UI with command {\"binary\":\"node\",\"args\":[\"--dns-result-order=ipv4first\",\"C:\\\\Users\\\\markt\\\\.cache\\\\firebase\\\\emulators\\\\ui-v1.7.0\\\\server.bundle.js\"],\"optionalArgs\":[],\"joinArgs\":false}"}}
[info] i  ui: Emulator UI logging to ui-debug.log {"metadata":{"emulator":{"name":"ui"},"message":"Emulator UI logging to \u001b[1mui-debug.log\u001b[22m"}}
[debug] [2022-05-24T23:58:56.506Z] Web / API server started at localhost:4001
 {"metadata":{"emulator":{"name":"ui"},"message":"Web / API server started at localhost:4001\n"}}
[info] i  functions: Watching "C:\Users\markt\ReactJS\mb-shop\functions" for Cloud Functions... {"metadata":{"emulator":{"name":"functions"},"message":"Watching \"C:\\Users\\markt\\ReactJS\\mb-shop\\functions\" for Cloud Functions..."}}
[debug] [2022-05-24T23:58:56.653Z] Validating nodejs source
[debug] [2022-05-24T23:59:01.491Z] > [functions] package.json contents: {
  "name": "functions",
  "description": "Cloud Functions for Firebase",
  "scripts": {
    "lint": "eslint .",
    "serve": "firebase emulators:start --only functions",
    "shell": "firebase functions:shell",
    "start": "npm run shell",
    "deploy": "firebase deploy --only functions",
    "logs": "firebase functions:log"
  },
  "engines": {
    "node": "16"
  },
  "main": "index.js",
  "dependencies": {
    "cors": "^2.8.5",
    "express": "^4.18.1",
    "firebase-admin": "^10.0.2",
    "firebase-functions": "^3.18.0",
    "stripe": "^9.4.0"
  },
  "devDependencies": {
    "eslint": "^8.9.0",
    "eslint-config-google": "^0.14.0",
    "firebase-functions-test": "^0.2.0"
  },
  "private": true
}
[debug] [2022-05-24T23:59:01.492Z] Building nodejs source
[debug] [2022-05-24T23:59:01.492Z] Analyzing nodejs backend spec
[debug] [2022-05-24T23:59:01.494Z] Could not find functions.yaml. Must use http discovery
[debug] [2022-05-24T23:59:02.180Z] Serving at port 9005

[debug] [2022-05-24T23:59:02.291Z] Got response from /__/functions.yaml {"endpoints":{"api":{"platform":"gcfv1","httpsTrigger":{},"entryPoint":"api"}},"specVersion":"v1alpha1","requiredAPIs":[]}
[debug] [2022-05-24T23:59:02.305Z] shutdown requested via /__/quitquitquit

[info] +  functions[us-central1-api]: http function initialized (http://localhost:5001/challange-1b03e/us-central1/api). {"metadata":{"emulator":{"name":"functions"},"message":"\u001b[1mhttp\u001b[22m function initialized (http://localhost:5001/challange-1b03e/us-central1/api)."}}
[info] 
┌─────────────────────────────────────────────────────────────┐
│ ✔  All emulators ready! It is now safe to connect your app. │
│ i  View Emulator UI at http://localhost:4001                │
└─────────────────────────────────────────────────────────────┘

┌───────────┬────────────────┬─────────────────────────────────┐
│ Emulator  │ Host:Port      │ View in Emulator UI             │
├───────────┼────────────────┼─────────────────────────────────┤
│ Functions │ localhost:5001 │ http://localhost:4001/functions │
└───────────┴────────────────┴─────────────────────────────────┘
  Emulator Hub running at localhost:4400
  Other reserved ports: 4500

Issues? Report them at https://github.com/firebase/firebase-tools/issues and attach the *-debug.log files.
 
[debug] [2022-05-24T23:59:10.562Z] [work-queue] {"queueLength":1,"workRunningCount":0}
[debug] [2022-05-24T23:59:10.563Z] [work-queue] {"queueLength":0,"workRunningCount":1}
[debug] [2022-05-24T23:59:10.564Z] Accepted request GET /challange-1b03e/us-central1/api --> us-central1-api
[debug] [2022-05-24T23:59:11.149Z] [worker-pool] addWorker(us-central1-api) {"metadata":{"emulator":{"name":"functions"},"message":"[worker-pool] addWorker(us-central1-api)"}}
[debug] [2022-05-24T23:59:11.149Z] [worker-pool] Adding worker with key us-central1-api, total=1 {"metadata":{"emulator":{"name":"functions"},"message":"[worker-pool] Adding worker with key us-central1-api, total=1"}}
[debug] [2022-05-24T23:59:11.149Z] [worker-pool] submitWork(triggerId=us-central1-api) {"metadata":{"emulator":{"name":"functions"},"message":"[worker-pool] submitWork(triggerId=us-central1-api)"}}
[debug] [2022-05-24T23:59:11.149Z] [worker-us-central1-api-00a4687e-5e69-4b0d-8226-46f5672586de]: Assigning socketPath: \\?\pipe\C:\Users\markt\ReactJS\mb-shop\functions\25532 {"metadata":{"emulator":{"name":"functions"},"message":"[worker-us-central1-api-00a4687e-5e69-4b0d-8226-46f5672586de]: Assigning socketPath: \\\\?\\pipe\\C:\\Users\\markt\\ReactJS\\mb-shop\\functions\\25532"}}
[debug] [2022-05-24T23:59:11.149Z] [worker-us-central1-api-00a4687e-5e69-4b0d-8226-46f5672586de]: BUSY {"metadata":{"emulator":{"name":"functions"},"message":"[worker-us-central1-api-00a4687e-5e69-4b0d-8226-46f5672586de]: BUSY"}}
[debug] [2022-05-24T23:59:12.968Z] [runtime-status] [25532] Functions runtime initialized. {"cwd":"C:\\Users\\markt\\ReactJS\\mb-shop\\functions","node_version":"17.6.0"} {"metadata":{"emulator":{"name":"functions"},"function":{"name":"us-central1-api"},"extension":{},"message":"[runtime-status] [25532] Functions runtime initialized. {\"cwd\":\"C:\\\\Users\\\\markt\\\\ReactJS\\\\mb-shop\\\\functions\",\"node_version\":\"17.6.0\"}"}}
[debug] [2022-05-24T23:59:12.969Z] [runtime-status] [25532] Disabled runtime features: undefined {"metadata":{"emulator":{"name":"functions"},"function":{"name":"us-central1-api"},"extension":{},"message":"[runtime-status] [25532] Disabled runtime features: undefined"}}
[debug] [2022-05-24T23:59:12.973Z] [runtime-status] [25532] Resolved module firebase-admin {"declared":true,"installed":true,"version":"10.2.0","resolution":"C:\\Users\\markt\\ReactJS\\mb-shop\\functions\\node_modules\\firebase-admin\\lib\\index.js"} {"metadata":{"emulator":{"name":"functions"},"function":{"name":"us-central1-api"},"extension":{},"message":"[runtime-status] [25532] Resolved module firebase-admin {\"declared\":true,\"installed\":true,\"version\":\"10.2.0\",\"resolution\":\"C:\\\\Users\\\\markt\\\\ReactJS\\\\mb-shop\\\\functions\\\\node_modules\\\\firebase-admin\\\\lib\\\\index.js\"}"}}
[debug] [2022-05-24T23:59:12.975Z] [runtime-status] [25532] Resolved module firebase-functions {"declared":true,"installed":true,"version":"3.21.2","resolution":"C:\\Users\\markt\\ReactJS\\mb-shop\\functions\\node_modules\\firebase-functions\\lib\\index.js"} {"metadata":{"emulator":{"name":"functions"},"function":{"name":"us-central1-api"},"extension":{},"message":"[runtime-status] [25532] Resolved module firebase-functions {\"declared\":true,\"installed\":true,\"version\":\"3.21.2\",\"resolution\":\"C:\\\\Users\\\\markt\\\\ReactJS\\\\mb-shop\\\\functions\\\\node_modules\\\\firebase-functions\\\\lib\\\\index.js\"}"}}
[debug] [2022-05-24T23:59:12.976Z] [runtime-status] [25532] Outgoing network have been stubbed. [{"name":"http","status":"mocked"},{"name":"http","status":"mocked"},{"name":"https","status":"mocked"},{"name":"https","status":"mocked"},{"name":"net","status":"mocked"}] {"metadata":{"emulator":{"name":"functions"},"function":{"name":"us-central1-api"},"extension":{},"message":"[runtime-status] [25532] Outgoing network have been stubbed. [{\"name\":\"http\",\"status\":\"mocked\"},{\"name\":\"http\",\"status\":\"mocked\"},{\"name\":\"https\",\"status\":\"mocked\"},{\"name\":\"https\",\"status\":\"mocked\"},{\"name\":\"net\",\"status\":\"mocked\"}]"}}
[debug] [2022-05-24T23:59:12.977Z] [runtime-status] [25532] Resolved module firebase-functions {"declared":true,"installed":true,"version":"3.21.2","resolution":"C:\\Users\\markt\\ReactJS\\mb-shop\\functions\\node_modules\\firebase-functions\\lib\\index.js"} {"metadata":{"emulator":{"name":"functions"},"function":{"name":"us-central1-api"},"extension":{},"message":"[runtime-status] [25532] Resolved module firebase-functions {\"declared\":true,\"installed\":true,\"version\":\"3.21.2\",\"resolution\":\"C:\\\\Users\\\\markt\\\\ReactJS\\\\mb-shop\\\\functions\\\\node_modules\\\\firebase-functions\\\\lib\\\\index.js\"}"}}
[debug] [2022-05-24T23:59:13.036Z] [runtime-status] [25532] Checked functions.config() {"config":{}} {"metadata":{"emulator":{"name":"functions"},"function":{"name":"us-central1-api"},"extension":{},"message":"[runtime-status] [25532] Checked functions.config() {\"config\":{}}"}}
[debug] [2022-05-24T23:59:13.037Z] [runtime-status] [25532] firebase-functions has been stubbed. {"functionsResolution":{"declared":true,"installed":true,"version":"3.21.2","resolution":"C:\\Users\\markt\\ReactJS\\mb-shop\\functions\\node_modules\\firebase-functions\\lib\\index.js"}} {"metadata":{"emulator":{"name":"functions"},"function":{"name":"us-central1-api"},"extension":{},"message":"[runtime-status] [25532] firebase-functions has been stubbed. {\"functionsResolution\":{\"declared\":true,\"installed\":true,\"version\":\"3.21.2\",\"resolution\":\"C:\\\\Users\\\\markt\\\\ReactJS\\\\mb-shop\\\\functions\\\\node_modules\\\\firebase-functions\\\\lib\\\\index.js\"}}"}}
[debug] [2022-05-24T23:59:13.037Z] [runtime-status] [25532] Resolved module firebase-functions {"declared":true,"installed":true,"version":"3.21.2","resolution":"C:\\Users\\markt\\ReactJS\\mb-shop\\functions\\node_modules\\firebase-functions\\lib\\index.js"} {"metadata":{"emulator":{"name":"functions"},"function":{"name":"us-central1-api"},"extension":{},"message":"[runtime-status] [25532] Resolved module firebase-functions {\"declared\":true,\"installed\":true,\"version\":\"3.21.2\",\"resolution\":\"C:\\\\Users\\\\markt\\\\ReactJS\\\\mb-shop\\\\functions\\\\node_modules\\\\firebase-functions\\\\lib\\\\index.js\"}"}}
[debug] [2022-05-24T23:59:13.038Z] [runtime-status] [25532] Resolved module firebase-admin {"declared":true,"installed":true,"version":"10.2.0","resolution":"C:\\Users\\markt\\ReactJS\\mb-shop\\functions\\node_modules\\firebase-admin\\lib\\index.js"} {"metadata":{"emulator":{"name":"functions"},"function":{"name":"us-central1-api"},"extension":{},"message":"[runtime-status] [25532] Resolved module firebase-admin {\"declared\":true,\"installed\":true,\"version\":\"10.2.0\",\"resolution\":\"C:\\\\Users\\\\markt\\\\ReactJS\\\\mb-shop\\\\functions\\\\node_modules\\\\firebase-admin\\\\lib\\\\index.js\"}"}}
[debug] [2022-05-24T23:59:13.039Z] [runtime-status] [25532] Resolved module firebase-functions {"declared":true,"installed":true,"version":"3.21.2","resolution":"C:\\Users\\markt\\ReactJS\\mb-shop\\functions\\node_modules\\firebase-functions\\lib\\index.js"} {"metadata":{"emulator":{"name":"functions"},"function":{"name":"us-central1-api"},"extension":{},"message":"[runtime-status] [25532] Resolved module firebase-functions {\"declared\":true,\"installed\":true,\"version\":\"3.21.2\",\"resolution\":\"C:\\\\Users\\\\markt\\\\ReactJS\\\\mb-shop\\\\functions\\\\node_modules\\\\firebase-functions\\\\lib\\\\index.js\"}"}}
[debug] [2022-05-24T23:59:13.039Z] [runtime-status] [25532] firebase-admin has been stubbed. {"adminResolution":{"declared":true,"installed":true,"version":"10.2.0","resolution":"C:\\Users\\markt\\ReactJS\\mb-shop\\functions\\node_modules\\firebase-admin\\lib\\index.js"}} {"metadata":{"emulator":{"name":"functions"},"function":{"name":"us-central1-api"},"extension":{},"message":"[runtime-status] [25532] firebase-admin has been stubbed. {\"adminResolution\":{\"declared\":true,\"installed\":true,\"version\":\"10.2.0\",\"resolution\":\"C:\\\\Users\\\\markt\\\\ReactJS\\\\mb-shop\\\\functions\\\\node_modules\\\\firebase-admin\\\\lib\\\\index.js\"}}"}}
[debug] [2022-05-24T23:59:13.220Z] [runtime-status] [25532] Beginning invocation function api! {"metadata":{"emulator":{"name":"functions"},"function":{"name":"us-central1-api"},"extension":{},"message":"[runtime-status] [25532] Beginning invocation function api!"}}
[info] i  functions: Beginning execution of "api" {"metadata":{"emulator":{"name":"functions"},"function":{"name":"us-central1-api"},"extension":{},"message":"Beginning execution of \"api\""}}
[debug] [2022-05-24T23:59:13.221Z] [runtime-status] [25532] Running api in signature http {"metadata":{"emulator":{"name":"functions"},"function":{"name":"us-central1-api"},"extension":{},"message":"[runtime-status] [25532] Running api in signature http"}}
[debug] [2022-05-24T23:59:13.224Z] [runtime-status] [25532] Attempting to listen to socketPath: \\?\pipe\C:\Users\markt\ReactJS\mb-shop\functions\25532 {"metadata":{"emulator":{"name":"functions"},"function":{"name":"us-central1-api"},"extension":{},"message":"[runtime-status] [25532] Attempting to listen to socketPath: \\\\?\\pipe\\C:\\Users\\markt\\ReactJS\\mb-shop\\functions\\25532"}}
[debug] [2022-05-24T23:59:13.229Z] [functions] Runtime ready! Sending request! {"metadata":{"emulator":{"name":"functions"},"message":"[functions] Runtime ready! Sending request!"}}
[debug] [2022-05-24T23:59:13.230Z] [functions] Got req.url=/challange-1b03e/us-central1/api, mapping to path=/ {"metadata":{"emulator":{"name":"functions"},"message":"[functions] Got req.url=/challange-1b03e/us-central1/api, mapping to path=/"}}
[debug] [2022-05-24T23:59:13.240Z] [runtime-status] [25532] Ephemeral server handling GET request {"metadata":{"emulator":{"name":"functions"},"function":{"name":"us-central1-api"},"extension":{},"message":"[runtime-status] [25532] Ephemeral server handling GET request"}}
[debug] [2022-05-24T23:59:13.245Z] [runtime-status] [25532] Ephemeral server survived. {"metadata":{"emulator":{"name":"functions"},"function":{"name":"us-central1-api"},"extension":{},"message":"[runtime-status] [25532] Ephemeral server survived."}}
[info] >  ReferenceError: res is not defined {"user":"ReferenceError: res is not defined","metadata":{"emulator":{"name":"functions"},"function":{"name":"us-central1-api"},"extension":{},"message":"\u001b[90m> \u001b[39m ReferenceError: res is not defined"}}
[info] >      at C:\Users\markt\ReactJS\mb-shop\functions\index.js:9:53 {"user":"    at C:\\Users\\markt\\ReactJS\\mb-shop\\functions\\index.js:9:53","metadata":{"emulator":{"name":"functions"},"function":{"name":"us-central1-api"},"extension":{},"message":"\u001b[90m> \u001b[39m     at C:\\Users\\markt\\ReactJS\\mb-shop\\functions\\index.js:9:53"}}
[info] >      at Layer.handle [as handle_request] (C:\Users\markt\ReactJS\mb-shop\functions\node_modules\express\lib\router\layer.js:95:5) {"user":"    at Layer.handle [as handle_request] (C:\\Users\\markt\\ReactJS\\mb-shop\\functions\\node_modules\\express\\lib\\router\\layer.js:95:5)","metadata":{"emulator":{"name":"functions"},"function":{"name":"us-central1-api"},"extension":{},"message":"\u001b[90m> \u001b[39m     at Layer.handle [as handle_request] (C:\\Users\\markt\\ReactJS\\mb-shop\\functions\\node_modules\\express\\lib\\router\\layer.js:95:5)"}}
[info] >      at next (C:\Users\markt\ReactJS\mb-shop\functions\node_modules\express\lib\router\route.js:144:13) {"user":"    at next (C:\\Users\\markt\\ReactJS\\mb-shop\\functions\\node_modules\\express\\lib\\router\\route.js:144:13)","metadata":{"emulator":{"name":"functions"},"function":{"name":"us-central1-api"},"extension":{},"message":"\u001b[90m> \u001b[39m     at next (C:\\Users\\markt\\ReactJS\\mb-shop\\functions\\node_modules\\express\\lib\\router\\route.js:144:13)"}}
[info] >      at Route.dispatch (C:\Users\markt\ReactJS\mb-shop\functions\node_modules\express\lib\router\route.js:114:3) {"user":"    at Route.dispatch (C:\\Users\\markt\\ReactJS\\mb-shop\\functions\\node_modules\\express\\lib\\router\\route.js:114:3)","metadata":{"emulator":{"name":"functions"},"function":{"name":"us-central1-api"},"extension":{},"message":"\u001b[90m> \u001b[39m     at Route.dispatch (C:\\Users\\markt\\ReactJS\\mb-shop\\functions\\node_modules\\express\\lib\\router\\route.js:114:3)"}}
[info] >      at Layer.handle [as handle_request] (C:\Users\markt\ReactJS\mb-shop\functions\node_modules\express\lib\router\layer.js:95:5) {"user":"    at Layer.handle [as handle_request] (C:\\Users\\markt\\ReactJS\\mb-shop\\functions\\node_modules\\express\\lib\\router\\layer.js:95:5)","metadata":{"emulator":{"name":"functions"},"function":{"name":"us-central1-api"},"extension":{},"message":"\u001b[90m> \u001b[39m     at Layer.handle [as handle_request] (C:\\Users\\markt\\ReactJS\\mb-shop\\functions\\node_modules\\express\\lib\\router\\layer.js:95:5)"}}
[info] >      at C:\Users\markt\ReactJS\mb-shop\functions\node_modules\express\lib\router\index.js:284:15 {"user":"    at C:\\Users\\markt\\ReactJS\\mb-shop\\functions\\node_modules\\express\\lib\\router\\index.js:284:15","metadata":{"emulator":{"name":"functions"},"function":{"name":"us-central1-api"},"extension":{},"message":"\u001b[90m> \u001b[39m     at C:\\Users\\markt\\ReactJS\\mb-shop\\functions\\node_modules\\express\\lib\\router\\index.js:284:15"}}
[info] >      at Function.process_params (C:\Users\markt\ReactJS\mb-shop\functions\node_modules\express\lib\router\index.js:346:12) {"user":"    at Function.process_params (C:\\Users\\markt\\ReactJS\\mb-shop\\functions\\node_modules\\express\\lib\\router\\index.js:346:12)","metadata":{"emulator":{"name":"functions"},"function":{"name":"us-central1-api"},"extension":{},"message":"\u001b[90m> \u001b[39m     at Function.process_params (C:\\Users\\markt\\ReactJS\\mb-shop\\functions\\node_modules\\express\\lib\\router\\index.js:346:12)"}}
[info] >      at next (C:\Users\markt\ReactJS\mb-shop\functions\node_modules\express\lib\router\index.js:280:10) {"user":"    at next (C:\\Users\\markt\\ReactJS\\mb-shop\\functions\\node_modules\\express\\lib\\router\\index.js:280:10)","metadata":{"emulator":{"name":"functions"},"function":{"name":"us-central1-api"},"extension":{},"message":"\u001b[90m> \u001b[39m     at next (C:\\Users\\markt\\ReactJS\\mb-shop\\functions\\node_modules\\express\\lib\\router\\index.js:280:10)"}}
[info] >      at jsonParser (C:\Users\markt\ReactJS\mb-shop\functions\node_modules\body-parser\lib\types\json.js:110:7) {"user":"    at jsonParser (C:\\Users\\markt\\ReactJS\\mb-shop\\functions\\node_modules\\body-parser\\lib\\types\\json.js:110:7)","metadata":{"emulator":{"name":"functions"},"function":{"name":"us-central1-api"},"extension":{},"message":"\u001b[90m> \u001b[39m     at jsonParser (C:\\Users\\markt\\ReactJS\\mb-shop\\functions\\node_modules\\body-parser\\lib\\types\\json.js:110:7)"}}
[info] >      at Layer.handle [as handle_request] (C:\Users\markt\ReactJS\mb-shop\functions\node_modules\express\lib\router\layer.js:95:5) {"user":"    at Layer.handle [as handle_request] (C:\\Users\\markt\\ReactJS\\mb-shop\\functions\\node_modules\\express\\lib\\router\\layer.js:95:5)","metadata":{"emulator":{"name":"functions"},"function":{"name":"us-central1-api"},"extension":{},"message":"\u001b[90m> \u001b[39m     at Layer.handle [as handle_request] (C:\\Users\\markt\\ReactJS\\mb-shop\\functions\\node_modules\\express\\lib\\router\\layer.js:95:5)"}}
[info] i  functions: Finished "api" in ~1s {"metadata":{"emulator":{"name":"functions"},"function":{"name":"us-central1-api"},"extension":{},"message":"Finished \"api\" in ~1s"}}
[debug] [2022-05-24T23:59:13.269Z] [worker-us-central1-api-00a4687e-5e69-4b0d-8226-46f5672586de]: IDLE {"metadata":{"emulator":{"name":"functions"},"message":"[worker-us-central1-api-00a4687e-5e69-4b0d-8226-46f5672586de]: IDLE"}}
[debug] [2022-05-24T23:59:13.269Z] [work-queue] {"queueLength":0,"workRunningCount":0}
[debug] [2022-05-24T23:59:43.223Z] File C:\Users\markt\ReactJS\mb-shop\functions\index.js changed, reloading triggers {"metadata":{"emulator":{"name":"functions"},"message":"File C:\\Users\\markt\\ReactJS\\mb-shop\\functions\\index.js changed, reloading triggers"}}
[debug] [2022-05-24T23:59:44.234Z] [worker-pool] Shutting down IDLE worker (us-central1-api) {"metadata":{"emulator":{"name":"functions"},"message":"[worker-pool] Shutting down IDLE worker (us-central1-api)"}}
[debug] [2022-05-24T23:59:44.235Z] [worker-us-central1-api-00a4687e-5e69-4b0d-8226-46f5672586de]: FINISHING {"metadata":{"emulator":{"name":"functions"},"message":"[worker-us-central1-api-00a4687e-5e69-4b0d-8226-46f5672586de]: FINISHING"}}
[debug] [2022-05-24T23:59:44.237Z] Validating nodejs source
[debug] [2022-05-24T23:59:50.557Z] > [functions] package.json contents: {
  "name": "functions",
  "description": "Cloud Functions for Firebase",
  "scripts": {
    "lint": "eslint .",
    "serve": "firebase emulators:start --only functions",
    "shell": "firebase functions:shell",
    "start": "npm run shell",
    "deploy": "firebase deploy --only functions",
    "logs": "firebase functions:log"
  },
  "engines": {
    "node": "16"
  },
  "main": "index.js",
  "dependencies": {
    "cors": "^2.8.5",
    "express": "^4.18.1",
    "firebase-admin": "^10.0.2",
    "firebase-functions": "^3.18.0",
    "stripe": "^9.4.0"
  },
  "devDependencies": {
    "eslint": "^8.9.0",
    "eslint-config-google": "^0.14.0",
    "firebase-functions-test": "^0.2.0"
  },
  "private": true
}
[debug] [2022-05-24T23:59:50.558Z] Building nodejs source
[debug] [2022-05-24T23:59:50.558Z] Analyzing nodejs backend spec
[debug] [2022-05-24T23:59:50.559Z] Could not find functions.yaml. Must use http discovery
[debug] [2022-05-24T23:59:50.578Z] [worker-us-central1-api-00a4687e-5e69-4b0d-8226-46f5672586de]: exited {"metadata":{"emulator":{"name":"functions"},"message":"[worker-us-central1-api-00a4687e-5e69-4b0d-8226-46f5672586de]: exited"}}
[debug] [2022-05-24T23:59:50.578Z] [worker-us-central1-api-00a4687e-5e69-4b0d-8226-46f5672586de]: FINISHED {"metadata":{"emulator":{"name":"functions"},"message":"[worker-us-central1-api-00a4687e-5e69-4b0d-8226-46f5672586de]: FINISHED"}}
[debug] [2022-05-24T23:59:50.580Z] [work-queue] {"queueLength":1,"workRunningCount":0}
[debug] [2022-05-24T23:59:50.581Z] [work-queue] {"queueLength":0,"workRunningCount":1}
[debug] [2022-05-24T23:59:50.581Z] Accepted request GET /challange-1b03e/us-central1/api --> us-central1-api
[debug] [2022-05-24T23:59:50.581Z] [worker-pool] Cleaned up workers for us-central1-api: 1 --> 0 {"metadata":{"emulator":{"name":"functions"},"message":"[worker-pool] Cleaned up workers for us-central1-api: 1 --> 0"}}
[debug] [2022-05-24T23:59:51.010Z] [worker-pool] addWorker(us-central1-api) {"metadata":{"emulator":{"name":"functions"},"message":"[worker-pool] addWorker(us-central1-api)"}}
[debug] [2022-05-24T23:59:51.010Z] [worker-pool] Adding worker with key us-central1-api, total=1 {"metadata":{"emulator":{"name":"functions"},"message":"[worker-pool] Adding worker with key us-central1-api, total=1"}}
[debug] [2022-05-24T23:59:51.010Z] [worker-pool] submitWork(triggerId=us-central1-api) {"metadata":{"emulator":{"name":"functions"},"message":"[worker-pool] submitWork(triggerId=us-central1-api)"}}
[debug] [2022-05-24T23:59:51.011Z] [worker-us-central1-api-aab34f3f-c09c-478a-9eb4-82ee900c4ca9]: Assigning socketPath: \\?\pipe\C:\Users\markt\ReactJS\mb-shop\functions\10976 {"metadata":{"emulator":{"name":"functions"},"message":"[worker-us-central1-api-aab34f3f-c09c-478a-9eb4-82ee900c4ca9]: Assigning socketPath: \\\\?\\pipe\\C:\\Users\\markt\\ReactJS\\mb-shop\\functions\\10976"}}
[debug] [2022-05-24T23:59:51.011Z] [worker-us-central1-api-aab34f3f-c09c-478a-9eb4-82ee900c4ca9]: BUSY {"metadata":{"emulator":{"name":"functions"},"message":"[worker-us-central1-api-aab34f3f-c09c-478a-9eb4-82ee900c4ca9]: BUSY"}}
[debug] [2022-05-24T23:59:51.939Z] Serving at port 9005

[debug] [2022-05-24T23:59:52.123Z] Got response from /__/functions.yaml {"endpoints":{"api":{"platform":"gcfv1","httpsTrigger":{},"entryPoint":"api"}},"specVersion":"v1alpha1","requiredAPIs":[]}
[debug] [2022-05-24T23:59:52.131Z] shutdown requested via /__/quitquitquit

[debug] [2022-05-24T23:59:53.014Z] [runtime-status] [10976] Functions runtime initialized. {"cwd":"C:\\Users\\markt\\ReactJS\\mb-shop\\functions","node_version":"17.6.0"} {"metadata":{"emulator":{"name":"functions"},"function":{"name":"us-central1-api"},"extension":{},"message":"[runtime-status] [10976] Functions runtime initialized. {\"cwd\":\"C:\\\\Users\\\\markt\\\\ReactJS\\\\mb-shop\\\\functions\",\"node_version\":\"17.6.0\"}"}}
[debug] [2022-05-24T23:59:53.016Z] [runtime-status] [10976] Disabled runtime features: undefined {"metadata":{"emulator":{"name":"functions"},"function":{"name":"us-central1-api"},"extension":{},"message":"[runtime-status] [10976] Disabled runtime features: undefined"}}
[debug] [2022-05-24T23:59:53.019Z] [runtime-status] [10976] Resolved module firebase-admin {"declared":true,"installed":true,"version":"10.2.0","resolution":"C:\\Users\\markt\\ReactJS\\mb-shop\\functions\\node_modules\\firebase-admin\\lib\\index.js"} {"metadata":{"emulator":{"name":"functions"},"function":{"name":"us-central1-api"},"extension":{},"message":"[runtime-status] [10976] Resolved module firebase-admin {\"declared\":true,\"installed\":true,\"version\":\"10.2.0\",\"resolution\":\"C:\\\\Users\\\\markt\\\\ReactJS\\\\mb-shop\\\\functions\\\\node_modules\\\\firebase-admin\\\\lib\\\\index.js\"}"}}
[debug] [2022-05-24T23:59:53.022Z] [runtime-status] [10976] Resolved module firebase-functions {"declared":true,"installed":true,"version":"3.21.2","resolution":"C:\\Users\\markt\\ReactJS\\mb-shop\\functions\\node_modules\\firebase-functions\\lib\\index.js"} {"metadata":{"emulator":{"name":"functions"},"function":{"name":"us-central1-api"},"extension":{},"message":"[runtime-status] [10976] Resolved module firebase-functions {\"declared\":true,\"installed\":true,\"version\":\"3.21.2\",\"resolution\":\"C:\\\\Users\\\\markt\\\\ReactJS\\\\mb-shop\\\\functions\\\\node_modules\\\\firebase-functions\\\\lib\\\\index.js\"}"}}
[debug] [2022-05-24T23:59:53.022Z] [runtime-status] [10976] Outgoing network have been stubbed. [{"name":"http","status":"mocked"},{"name":"http","status":"mocked"},{"name":"https","status":"mocked"},{"name":"https","status":"mocked"},{"name":"net","status":"mocked"}] {"metadata":{"emulator":{"name":"functions"},"function":{"name":"us-central1-api"},"extension":{},"message":"[runtime-status] [10976] Outgoing network have been stubbed. [{\"name\":\"http\",\"status\":\"mocked\"},{\"name\":\"http\",\"status\":\"mocked\"},{\"name\":\"https\",\"status\":\"mocked\"},{\"name\":\"https\",\"status\":\"mocked\"},{\"name\":\"net\",\"status\":\"mocked\"}]"}}
[debug] [2022-05-24T23:59:53.023Z] [runtime-status] [10976] Resolved module firebase-functions {"declared":true,"installed":true,"version":"3.21.2","resolution":"C:\\Users\\markt\\ReactJS\\mb-shop\\functions\\node_modules\\firebase-functions\\lib\\index.js"} {"metadata":{"emulator":{"name":"functions"},"function":{"name":"us-central1-api"},"extension":{},"message":"[runtime-status] [10976] Resolved module firebase-functions {\"declared\":true,\"installed\":true,\"version\":\"3.21.2\",\"resolution\":\"C:\\\\Users\\\\markt\\\\ReactJS\\\\mb-shop\\\\functions\\\\node_modules\\\\firebase-functions\\\\lib\\\\index.js\"}"}}
[debug] [2022-05-24T23:59:53.067Z] [runtime-status] [10976] Checked functions.config() {"config":{}} {"metadata":{"emulator":{"name":"functions"},"function":{"name":"us-central1-api"},"extension":{},"message":"[runtime-status] [10976] Checked functions.config() {\"config\":{}}"}}
[debug] [2022-05-24T23:59:53.068Z] [runtime-status] [10976] firebase-functions has been stubbed. {"functionsResolution":{"declared":true,"installed":true,"version":"3.21.2","resolution":"C:\\Users\\markt\\ReactJS\\mb-shop\\functions\\node_modules\\firebase-functions\\lib\\index.js"}} {"metadata":{"emulator":{"name":"functions"},"function":{"name":"us-central1-api"},"extension":{},"message":"[runtime-status] [10976] firebase-functions has been stubbed. {\"functionsResolution\":{\"declared\":true,\"installed\":true,\"version\":\"3.21.2\",\"resolution\":\"C:\\\\Users\\\\markt\\\\ReactJS\\\\mb-shop\\\\functions\\\\node_modules\\\\firebase-functions\\\\lib\\\\index.js\"}}"}}
[debug] [2022-05-24T23:59:53.068Z] [runtime-status] [10976] Resolved module firebase-functions {"declared":true,"installed":true,"version":"3.21.2","resolution":"C:\\Users\\markt\\ReactJS\\mb-shop\\functions\\node_modules\\firebase-functions\\lib\\index.js"} {"metadata":{"emulator":{"name":"functions"},"function":{"name":"us-central1-api"},"extension":{},"message":"[runtime-status] [10976] Resolved module firebase-functions {\"declared\":true,\"installed\":true,\"version\":\"3.21.2\",\"resolution\":\"C:\\\\Users\\\\markt\\\\ReactJS\\\\mb-shop\\\\functions\\\\node_modules\\\\firebase-functions\\\\lib\\\\index.js\"}"}}
[debug] [2022-05-24T23:59:53.070Z] [runtime-status] [10976] Resolved module firebase-admin {"declared":true,"installed":true,"version":"10.2.0","resolution":"C:\\Users\\markt\\ReactJS\\mb-shop\\functions\\node_modules\\firebase-admin\\lib\\index.js"} {"metadata":{"emulator":{"name":"functions"},"function":{"name":"us-central1-api"},"extension":{},"message":"[runtime-status] [10976] Resolved module firebase-admin {\"declared\":true,\"installed\":true,\"version\":\"10.2.0\",\"resolution\":\"C:\\\\Users\\\\markt\\\\ReactJS\\\\mb-shop\\\\functions\\\\node_modules\\\\firebase-admin\\\\lib\\\\index.js\"}"}}
[debug] [2022-05-24T23:59:53.071Z] [runtime-status] [10976] Resolved module firebase-functions {"declared":true,"installed":true,"version":"3.21.2","resolution":"C:\\Users\\markt\\ReactJS\\mb-shop\\functions\\node_modules\\firebase-functions\\lib\\index.js"} {"metadata":{"emulator":{"name":"functions"},"function":{"name":"us-central1-api"},"extension":{},"message":"[runtime-status] [10976] Resolved module firebase-functions {\"declared\":true,\"installed\":true,\"version\":\"3.21.2\",\"resolution\":\"C:\\\\Users\\\\markt\\\\ReactJS\\\\mb-shop\\\\functions\\\\node_modules\\\\firebase-functions\\\\lib\\\\index.js\"}"}}
[debug] [2022-05-24T23:59:53.071Z] [runtime-status] [10976] firebase-admin has been stubbed. {"adminResolution":{"declared":true,"installed":true,"version":"10.2.0","resolution":"C:\\Users\\markt\\ReactJS\\mb-shop\\functions\\node_modules\\firebase-admin\\lib\\index.js"}} {"metadata":{"emulator":{"name":"functions"},"function":{"name":"us-central1-api"},"extension":{},"message":"[runtime-status] [10976] firebase-admin has been stubbed. {\"adminResolution\":{\"declared\":true,\"installed\":true,\"version\":\"10.2.0\",\"resolution\":\"C:\\\\Users\\\\markt\\\\ReactJS\\\\mb-shop\\\\functions\\\\node_modules\\\\firebase-admin\\\\lib\\\\index.js\"}}"}}
[debug] [2022-05-24T23:59:53.265Z] [runtime-status] [10976] Beginning invocation function api! {"metadata":{"emulator":{"name":"functions"},"function":{"name":"us-central1-api"},"extension":{},"message":"[runtime-status] [10976] Beginning invocation function api!"}}
[info] i  functions: Beginning execution of "api" {"metadata":{"emulator":{"name":"functions"},"function":{"name":"us-central1-api"},"extension":{},"message":"Beginning execution of \"api\""}}
[debug] [2022-05-24T23:59:53.266Z] [runtime-status] [10976] Running api in signature http {"metadata":{"emulator":{"name":"functions"},"function":{"name":"us-central1-api"},"extension":{},"message":"[runtime-status] [10976] Running api in signature http"}}
[debug] [2022-05-24T23:59:53.271Z] [runtime-status] [10976] Attempting to listen to socketPath: \\?\pipe\C:\Users\markt\ReactJS\mb-shop\functions\10976 {"metadata":{"emulator":{"name":"functions"},"function":{"name":"us-central1-api"},"extension":{},"message":"[runtime-status] [10976] Attempting to listen to socketPath: \\\\?\\pipe\\C:\\Users\\markt\\ReactJS\\mb-shop\\functions\\10976"}}
[debug] [2022-05-24T23:59:53.282Z] [functions] Runtime ready! Sending request! {"metadata":{"emulator":{"name":"functions"},"message":"[functions] Runtime ready! Sending request!"}}
[debug] [2022-05-24T23:59:53.283Z] [functions] Got req.url=/challange-1b03e/us-central1/api, mapping to path=/ {"metadata":{"emulator":{"name":"functions"},"message":"[functions] Got req.url=/challange-1b03e/us-central1/api, mapping to path=/"}}
[debug] [2022-05-24T23:59:53.293Z] [runtime-status] [10976] Ephemeral server handling GET request {"metadata":{"emulator":{"name":"functions"},"function":{"name":"us-central1-api"},"extension":{},"message":"[runtime-status] [10976] Ephemeral server handling GET request"}}
[debug] [2022-05-24T23:59:53.305Z] [runtime-status] [10976] Ephemeral server survived. {"metadata":{"emulator":{"name":"functions"},"function":{"name":"us-central1-api"},"extension":{},"message":"[runtime-status] [10976] Ephemeral server survived."}}
[info] i  functions: Finished "api" in ~1s {"metadata":{"emulator":{"name":"functions"},"function":{"name":"us-central1-api"},"extension":{},"message":"Finished \"api\" in ~1s"}}
[debug] [2022-05-24T23:59:53.313Z] [worker-us-central1-api-aab34f3f-c09c-478a-9eb4-82ee900c4ca9]: IDLE {"metadata":{"emulator":{"name":"functions"},"message":"[worker-us-central1-api-aab34f3f-c09c-478a-9eb4-82ee900c4ca9]: IDLE"}}
[debug] [2022-05-24T23:59:53.313Z] [work-queue] {"queueLength":0,"workRunningCount":0}
[debug] [2022-05-24T23:59:53.480Z] Functions emulator received unknown request at path /favicon.ico
